<?xml version="1.0" encoding="UTF-8"?>
<!-- Generated by org.testng.reporters.JUnitReportReporter -->
<testsuite skipped="1" hostname="DESKTOP-R0GNJAC" name="com.qa.hubspot.tests.ContactsPageTest" tests="7" failures="0" timestamp="29 Jun 2019 10:57:05 GMT" time="334.873" errors="0">
  <testcase name="createNewContactTest" time="113.649" classname="com.qa.hubspot.tests.ContactsPageTest"/>
  <testcase name="createNewContactTest" time="46.091" classname="com.qa.hubspot.tests.ContactsPageTest"/>
  <testcase name="createNewContactTest" time="51.157" classname="com.qa.hubspot.tests.ContactsPageTest"/>
  <testcase name="createNewContactTest" time="45.475" classname="com.qa.hubspot.tests.ContactsPageTest"/>
  <testcase name="createNewContactTest" time="40.347" classname="com.qa.hubspot.tests.ContactsPageTest"/>
  <testcase name="createNewContactTest" time="38.154" classname="com.qa.hubspot.tests.ContactsPageTest"/>
  <testcase name="verifyContactsPageHeaderTest" classname="com.qa.hubspot.tests.ContactsPageTest">
    <skipped/>
  </testcase> <!-- verifyContactsPageHeaderTest -->
</testsuite> <!-- com.qa.hubspot.tests.ContactsPageTest -->
